2026-06-24 21:59:25,758 | INFO | AGC Logger Initialized
2026-06-24 21:59:25,758 | INFO | AGC Startup Validation Passed
2026-06-24 22:09:02,816 | INFO | AGC Logger Initialized
2026-06-24 22:09:02,816 | INFO | AGC Startup Validation Passed
2026-06-24 22:09:32,426 | INFO | AGC Logger Initialized
2026-06-24 22:09:32,426 | INFO | AGC Startup Validation Passed
2026-06-24 22:10:43,067 | INFO | Job Started: cd0079c0-09e0-4e1e-beba-82589f550974
2026-06-24 22:14:18,180 | INFO | Deleted frame folder: storage\frames\0616(1)_20260616_163644
2026-06-24 22:14:19,419 | INFO | Deleted frame folder: storage\frames\0616(1)_20260616_164749
2026-06-24 22:14:19,988 | INFO | Deleted frame folder: storage\frames\0616(1)_20260616_231621
2026-06-24 22:14:20,733 | INFO | Deleted frame folder: storage\frames\0616(1)_20260616_234510
2026-06-24 22:14:21,281 | INFO | Deleted frame folder: storage\frames\0616(1)_20260617_003635
2026-06-24 22:14:21,811 | INFO | Deleted frame folder: storage\frames\0616(1)_20260617_005326
2026-06-24 22:14:22,455 | INFO | Deleted frame folder: storage\frames\0616(1)_20260617_011125
2026-06-24 22:14:23,076 | INFO | Deleted frame folder: storage\frames\0616(1)_20260617_012108
2026-06-24 22:14:23,662 | INFO | Deleted frame folder: storage\frames\0616(1)_20260617_121344
2026-06-24 22:14:24,197 | INFO | Deleted frame folder: storage\frames\0616(1)_20260617_122043
2026-06-24 22:14:24,731 | INFO | Deleted frame folder: storage\frames\0616(1)_20260617_133942
2026-06-24 22:14:25,280 | INFO | Deleted frame folder: storage\frames\0616(1)_20260617_142049
2026-06-24 22:14:25,419 | INFO | Deleted frame folder: storage\frames\0616(1)_20260617_152054
2026-06-24 22:14:26,066 | INFO | Deleted frame folder: storage\frames\0616(1)_20260617_152229
2026-06-24 22:14:26,810 | INFO | Deleted frame folder: storage\frames\0616(1)_20260617_153202
2026-06-24 22:14:27,556 | INFO | Deleted frame folder: storage\frames\0616(1)_20260617_154820
2026-06-24 22:14:28,289 | INFO | Deleted frame folder: storage\frames\0616(1)_20260617_160127
2026-06-24 22:14:28,822 | INFO | Deleted frame folder: storage\frames\0616(1)_20260617_160829
2026-06-24 22:14:30,879 | INFO | Deleted frame folder: storage\frames\0616(1)_20260617_161246
2026-06-24 22:14:31,650 | INFO | Deleted frame folder: storage\frames\0616(1)_20260617_184156
2026-06-24 22:14:32,209 | INFO | Deleted frame folder: storage\frames\0616(1)_20260617_190453
2026-06-24 22:14:32,878 | INFO | Deleted frame folder: storage\frames\0616(1)_20260617_191331
2026-06-24 22:14:33,743 | INFO | Deleted frame folder: storage\frames\0616(1)_20260617_192641
2026-06-24 22:14:34,345 | INFO | Deleted frame folder: storage\frames\0616(1)_20260617_232451
2026-06-24 22:14:34,733 | INFO | Deleted frame folder: storage\frames\0616(1)_20260617_235523
2026-06-24 22:14:34,999 | INFO | Deleted frame folder: storage\frames\0616(1)_20260618_001126
2026-06-24 22:14:35,317 | INFO | Deleted frame folder: storage\frames\0616(1)_20260618_112226
2026-06-24 22:14:35,655 | INFO | Deleted frame folder: storage\frames\0616(1)_20260618_113009
2026-06-24 22:14:36,000 | INFO | Deleted frame folder: storage\frames\0616(1)_20260618_120734
2026-06-24 22:14:36,324 | INFO | Deleted frame folder: storage\frames\0616(1)_20260618_121606
2026-06-24 22:14:36,662 | INFO | Deleted frame folder: storage\frames\0616(1)_20260618_123413
2026-06-24 22:14:36,981 | INFO | Deleted frame folder: storage\frames\0616(1)_20260618_125440
2026-06-24 22:14:37,304 | INFO | Deleted frame folder: storage\frames\0616(1)_20260618_130412
2026-06-24 22:14:37,625 | INFO | Deleted frame folder: storage\frames\0616(1)_20260618_132310
2026-06-24 22:14:37,954 | INFO | Deleted frame folder: storage\frames\0616(1)_20260618_133346
2026-06-24 22:14:38,265 | INFO | Deleted frame folder: storage\frames\0616(1)_20260618_134217
2026-06-24 22:14:38,645 | INFO | Deleted frame folder: storage\frames\0616(1)_20260618_134728
2026-06-24 22:14:38,931 | INFO | Deleted frame folder: storage\frames\0616(1)_20260618_135653
2026-06-24 22:14:39,357 | INFO | Deleted frame folder: storage\frames\0616(1)_20260618_140417
2026-06-24 22:14:39,697 | INFO | Deleted frame folder: storage\frames\0616(1)_20260618_144051
2026-06-24 22:14:40,095 | INFO | Deleted frame folder: storage\frames\0616(1)_20260618_145308
2026-06-24 22:14:40,526 | INFO | Deleted frame folder: storage\frames\0616(1)_20260618_152858
2026-06-24 22:14:41,017 | INFO | Deleted frame folder: storage\frames\0616(1)_20260618_160533
2026-06-24 22:14:41,330 | INFO | Deleted frame folder: storage\frames\0616(1)_20260618_161509
2026-06-24 22:14:41,735 | INFO | Deleted frame folder: storage\frames\0616(1)_20260618_162949
2026-06-24 22:14:42,061 | INFO | Deleted frame folder: storage\frames\0616(1)_20260622_110113
2026-06-24 22:14:42,391 | INFO | Deleted frame folder: storage\frames\0616(1)_20260622_112516
2026-06-24 22:14:42,759 | INFO | Deleted frame folder: storage\frames\0616(1)_20260622_155819
2026-06-24 22:14:43,034 | INFO | Deleted frame folder: storage\frames\0616(1)_20260622_183934
2026-06-24 22:14:43,320 | INFO | Deleted frame folder: storage\frames\0616(1)_20260622_202101
2026-06-24 22:14:43,321 | INFO | Deleted frame folder: storage\frames\2023-05-01 15-08-30_20260616_113526
2026-06-24 22:14:43,337 | INFO | Deleted frame folder: storage\frames\2023-05-01 15-08-30_20260616_113752
2026-06-24 22:14:43,337 | INFO | Deleted frame folder: storage\frames\Snow Runner __ Hill driving Adventure __ Heavy driver __ Edition 2023_20260616_132626
2026-06-24 22:14:43,439 | INFO | Deleted frame folder: storage\frames\Snow Runner __ Hill driving Adventure __ Heavy driver __ Edition 2023_20260616_132909
2026-06-24 22:14:43,440 | INFO | Deleted frame folder: storage\frames\Snow Runner __ Hill driving Adventure __ Heavy driver __ Edition 2023_20260616_133745
2026-06-24 22:14:43,540 | INFO | Deleted frame folder: storage\frames\Snow Runner __ Hill driving Adventure __ Heavy driver __ Edition 2023_20260616_134414
2026-06-24 22:14:43,631 | INFO | Deleted frame folder: storage\frames\Snow Runner __ Hill driving Adventure __ Heavy driver __ Edition 2023_20260616_144204
2026-06-24 22:14:43,754 | INFO | Deleted frame folder: storage\frames\Snow Runner __ Hill driving Adventure __ Heavy driver __ Edition 2023_20260616_144711
2026-06-24 22:14:43,847 | INFO | Deleted frame folder: storage\frames\Snow Runner __ Hill driving Adventure __ Heavy driver __ Edition 2023_20260616_153046
2026-06-24 22:14:43,959 | INFO | Deleted frame folder: storage\frames\Snow Runner __ Hill driving Adventure __ Heavy driver __ Edition 2023_20260622_115636
2026-06-24 22:14:44,065 | INFO | Deleted frame folder: storage\frames\Snow Runner __ Hill driving Adventure __ Heavy driver __ Edition 2023_20260622_140556
2026-06-24 22:14:44,165 | INFO | Deleted frame folder: storage\frames\Snow Runner __ Hill driving Adventure __ Heavy driver __ Edition 2023_20260622_141402
2026-06-24 22:14:44,260 | INFO | Deleted frame folder: storage\frames\Snow Runner __ Hill driving Adventure __ Heavy driver __ Edition 2023_20260622_143652
2026-06-24 22:14:44,353 | INFO | Deleted frame folder: storage\frames\Snow Runner __ Hill driving Adventure __ Heavy driver __ Edition 2023_20260622_145032
2026-06-24 22:14:44,473 | INFO | Deleted frame folder: storage\frames\Snow Runner __ Hill driving Adventure __ Heavy driver __ Edition 2023_20260622_150918
2026-06-24 22:14:44,579 | INFO | Deleted frame folder: storage\frames\Snow Runner __ Hill driving Adventure __ Heavy driver __ Edition 2023_20260622_153141
2026-06-24 22:14:44,676 | INFO | Deleted frame folder: storage\frames\Snow Runner __ Hill driving Adventure __ Heavy driver __ Edition 2023_20260622_153938
2026-06-24 22:14:44,766 | INFO | Deleted frame folder: storage\frames\Snow Runner __ Hill driving Adventure __ Heavy driver __ Edition 2023_20260622_201837
2026-06-24 22:14:44,866 | INFO | Deleted frame folder: storage\frames\Snow Runner __ Hill driving Adventure __ Heavy driver __ Edition 2023_20260623_005652
2026-06-24 22:14:44,971 | INFO | Deleted frame folder: storage\frames\Snow Runner __ Hill driving Adventure __ Heavy driver __ Edition 2023_20260623_011235
2026-06-24 22:14:45,066 | INFO | Deleted frame folder: storage\frames\Snow Runner __ Hill driving Adventure __ Heavy driver __ Edition 2023_20260623_151923
2026-06-24 22:14:45,156 | INFO | Deleted frame folder: storage\frames\Snow Runner __ Hill driving Adventure __ Heavy driver __ Edition 2023_20260623_154506
2026-06-24 22:14:45,160 | INFO | Deleted thumbnail: storage\thumbnails\thumbnail_0.jpg
2026-06-24 22:14:45,161 | INFO | Deleted thumbnail: storage\thumbnails\thumbnail_105.jpg
2026-06-24 22:14:45,162 | INFO | Deleted thumbnail: storage\thumbnails\thumbnail_110.jpg
2026-06-24 22:14:45,162 | INFO | Deleted thumbnail: storage\thumbnails\thumbnail_120.jpg
2026-06-24 22:14:45,163 | INFO | Deleted thumbnail: storage\thumbnails\thumbnail_135.jpg
2026-06-24 22:14:45,164 | INFO | Deleted thumbnail: storage\thumbnails\thumbnail_140.jpg
2026-06-24 22:14:45,164 | INFO | Deleted thumbnail: storage\thumbnails\thumbnail_15.jpg
2026-06-24 22:14:45,165 | INFO | Deleted thumbnail: storage\thumbnails\thumbnail_150.jpg
2026-06-24 22:14:45,165 | INFO | Deleted thumbnail: storage\thumbnails\thumbnail_155.jpg
2026-06-24 22:14:45,166 | INFO | Deleted thumbnail: storage\thumbnails\thumbnail_165.jpg
2026-06-24 22:14:45,167 | INFO | Deleted thumbnail: storage\thumbnails\thumbnail_170.jpg
2026-06-24 22:14:45,167 | INFO | Deleted thumbnail: storage\thumbnails\thumbnail_180.jpg
2026-06-24 22:14:45,168 | INFO | Deleted thumbnail: storage\thumbnails\thumbnail_185.jpg
2026-06-24 22:14:45,169 | INFO | Deleted thumbnail: storage\thumbnails\thumbnail_195.jpg
2026-06-24 22:14:45,169 | INFO | Deleted thumbnail: storage\thumbnails\thumbnail_205.jpg
2026-06-24 22:14:45,170 | INFO | Deleted thumbnail: storage\thumbnails\thumbnail_215.jpg
2026-06-24 22:14:45,172 | INFO | Deleted thumbnail: storage\thumbnails\thumbnail_230.jpg
2026-06-24 22:14:45,172 | INFO | Deleted thumbnail: storage\thumbnails\thumbnail_245.jpg
2026-06-24 22:14:45,173 | INFO | Deleted thumbnail: storage\thumbnails\thumbnail_250.jpg
2026-06-24 22:14:45,173 | INFO | Deleted thumbnail: storage\thumbnails\thumbnail_255.jpg
2026-06-24 22:14:45,174 | INFO | Deleted thumbnail: storage\thumbnails\thumbnail_265.jpg
2026-06-24 22:14:45,174 | INFO | Deleted thumbnail: storage\thumbnails\thumbnail_270.jpg
2026-06-24 22:14:45,175 | INFO | Deleted thumbnail: storage\thumbnails\thumbnail_285.jpg
2026-06-24 22:14:45,175 | INFO | Deleted thumbnail: storage\thumbnails\thumbnail_30.jpg
2026-06-24 22:14:45,176 | INFO | Deleted thumbnail: storage\thumbnails\thumbnail_300.jpg
2026-06-24 22:14:45,176 | INFO | Deleted thumbnail: storage\thumbnails\thumbnail_315.jpg
2026-06-24 22:14:45,177 | INFO | Deleted thumbnail: storage\thumbnails\thumbnail_330.jpg
2026-06-24 22:14:45,178 | INFO | Deleted thumbnail: storage\thumbnails\thumbnail_340.jpg
2026-06-24 22:14:45,179 | INFO | Deleted thumbnail: storage\thumbnails\thumbnail_345.jpg
2026-06-24 22:14:45,180 | INFO | Deleted thumbnail: storage\thumbnails\thumbnail_360.jpg
2026-06-24 22:14:45,180 | INFO | Deleted thumbnail: storage\thumbnails\thumbnail_375.jpg
2026-06-24 22:14:45,181 | INFO | Deleted thumbnail: storage\thumbnails\thumbnail_390.jpg
2026-06-24 22:14:45,181 | INFO | Deleted thumbnail: storage\thumbnails\thumbnail_405.jpg
2026-06-24 22:14:45,182 | INFO | Deleted thumbnail: storage\thumbnails\thumbnail_415.jpg
2026-06-24 22:14:45,183 | INFO | Deleted thumbnail: storage\thumbnails\thumbnail_420.jpg
2026-06-24 22:14:45,184 | INFO | Deleted thumbnail: storage\thumbnails\thumbnail_421.jpg
2026-06-24 22:14:45,184 | INFO | Deleted thumbnail: storage\thumbnails\thumbnail_435.jpg
2026-06-24 22:14:45,185 | INFO | Deleted thumbnail: storage\thumbnails\thumbnail_445.jpg
2026-06-24 22:14:45,186 | INFO | Deleted thumbnail: storage\thumbnails\thumbnail_45.jpg
2026-06-24 22:14:45,186 | INFO | Deleted thumbnail: storage\thumbnails\thumbnail_450.jpg
2026-06-24 22:14:45,187 | INFO | Deleted thumbnail: storage\thumbnails\thumbnail_465.jpg
2026-06-24 22:14:45,188 | INFO | Deleted thumbnail: storage\thumbnails\thumbnail_470.jpg
2026-06-24 22:14:45,189 | INFO | Deleted thumbnail: storage\thumbnails\thumbnail_480.jpg
2026-06-24 22:14:45,189 | INFO | Deleted thumbnail: storage\thumbnails\thumbnail_495.jpg
2026-06-24 22:14:45,190 | INFO | Deleted thumbnail: storage\thumbnails\thumbnail_500.jpg
2026-06-24 22:14:45,191 | INFO | Deleted thumbnail: storage\thumbnails\thumbnail_501.jpg
2026-06-24 22:14:45,192 | INFO | Deleted thumbnail: storage\thumbnails\thumbnail_510.jpg
2026-06-24 22:14:45,193 | INFO | Deleted thumbnail: storage\thumbnails\thumbnail_520.jpg
2026-06-24 22:14:45,194 | INFO | Deleted thumbnail: storage\thumbnails\thumbnail_525.jpg
2026-06-24 22:14:45,195 | INFO | Deleted thumbnail: storage\thumbnails\thumbnail_530.jpg
2026-06-24 22:14:45,196 | INFO | Deleted thumbnail: storage\thumbnails\thumbnail_535.jpg
2026-06-24 22:14:45,196 | INFO | Deleted thumbnail: storage\thumbnails\thumbnail_536.jpg
2026-06-24 22:14:45,197 | INFO | Deleted thumbnail: storage\thumbnails\thumbnail_540.jpg
2026-06-24 22:14:45,198 | INFO | Deleted thumbnail: storage\thumbnails\thumbnail_545.jpg
2026-06-24 22:14:45,199 | INFO | Deleted thumbnail: storage\thumbnails\thumbnail_560.jpg
2026-06-24 22:14:45,199 | INFO | Deleted thumbnail: storage\thumbnails\thumbnail_570.jpg
2026-06-24 22:14:45,200 | INFO | Deleted thumbnail: storage\thumbnails\thumbnail_571.jpg
2026-06-24 22:14:45,200 | INFO | Deleted thumbnail: storage\thumbnails\thumbnail_575.jpg
2026-06-24 22:14:45,201 | INFO | Deleted thumbnail: storage\thumbnails\thumbnail_576.jpg
2026-06-24 22:14:45,202 | INFO | Deleted thumbnail: storage\thumbnails\thumbnail_585.jpg
2026-06-24 22:14:45,202 | INFO | Deleted thumbnail: storage\thumbnails\thumbnail_595.jpg
2026-06-24 22:14:45,203 | INFO | Deleted thumbnail: storage\thumbnails\thumbnail_60.jpg
2026-06-24 22:14:45,204 | INFO | Deleted thumbnail: storage\thumbnails\thumbnail_600.jpg
2026-06-24 22:14:45,205 | INFO | Deleted thumbnail: storage\thumbnails\thumbnail_605.jpg
2026-06-24 22:14:45,206 | INFO | Deleted thumbnail: storage\thumbnails\thumbnail_610.jpg
2026-06-24 22:14:45,207 | INFO | Deleted thumbnail: storage\thumbnails\thumbnail_620.jpg
2026-06-24 22:14:45,208 | INFO | Deleted thumbnail: storage\thumbnails\thumbnail_625.jpg
2026-06-24 22:14:45,208 | INFO | Deleted thumbnail: storage\thumbnails\thumbnail_630.jpg
2026-06-24 22:14:45,209 | INFO | Deleted thumbnail: storage\thumbnails\thumbnail_631.jpg
2026-06-24 22:14:45,210 | INFO | Deleted thumbnail: storage\thumbnails\thumbnail_640.jpg
2026-06-24 22:14:45,210 | INFO | Deleted thumbnail: storage\thumbnails\thumbnail_655.jpg
2026-06-24 22:14:45,211 | INFO | Deleted thumbnail: storage\thumbnails\thumbnail_660.jpg
2026-06-24 22:14:45,211 | INFO | Deleted thumbnail: storage\thumbnails\thumbnail_661.jpg
2026-06-24 22:14:45,212 | INFO | Deleted thumbnail: storage\thumbnails\thumbnail_665.jpg
2026-06-24 22:14:45,212 | INFO | Deleted thumbnail: storage\thumbnails\thumbnail_675.jpg
2026-06-24 22:14:45,213 | INFO | Deleted thumbnail: storage\thumbnails\thumbnail_676.jpg
2026-06-24 22:14:45,214 | INFO | Deleted thumbnail: storage\thumbnails\thumbnail_685.jpg
2026-06-24 22:14:45,214 | INFO | Deleted thumbnail: storage\thumbnails\thumbnail_690.jpg
2026-06-24 22:14:45,216 | INFO | Deleted thumbnail: storage\thumbnails\thumbnail_700.jpg
2026-06-24 22:14:45,216 | INFO | Deleted thumbnail: storage\thumbnails\thumbnail_701.jpg
2026-06-24 22:14:45,217 | INFO | Deleted thumbnail: storage\thumbnails\thumbnail_705.jpg
2026-06-24 22:14:45,218 | INFO | Deleted thumbnail: storage\thumbnails\thumbnail_710.jpg
2026-06-24 22:14:45,219 | INFO | Deleted thumbnail: storage\thumbnails\thumbnail_715.jpg
2026-06-24 22:14:45,220 | INFO | Deleted thumbnail: storage\thumbnails\thumbnail_716.jpg
2026-06-24 22:14:45,220 | INFO | Deleted thumbnail: storage\thumbnails\thumbnail_720.jpg
2026-06-24 22:14:45,221 | INFO | Deleted thumbnail: storage\thumbnails\thumbnail_725.jpg
2026-06-24 22:14:45,222 | INFO | Deleted thumbnail: storage\thumbnails\thumbnail_730.jpg
2026-06-24 22:14:45,222 | INFO | Deleted thumbnail: storage\thumbnails\thumbnail_735.jpg
2026-06-24 22:14:45,224 | INFO | Deleted thumbnail: storage\thumbnails\thumbnail_736.jpg
2026-06-24 22:14:45,224 | INFO | Deleted thumbnail: storage\thumbnails\thumbnail_740.jpg
2026-06-24 22:14:45,225 | INFO | Deleted thumbnail: storage\thumbnails\thumbnail_75.jpg
2026-06-24 22:14:45,226 | INFO | Deleted thumbnail: storage\thumbnails\thumbnail_755.jpg
2026-06-24 22:14:45,227 | INFO | Deleted thumbnail: storage\thumbnails\thumbnail_770.jpg
2026-06-24 22:14:45,227 | INFO | Deleted thumbnail: storage\thumbnails\thumbnail_785.jpg
2026-06-24 22:14:45,228 | INFO | Deleted thumbnail: storage\thumbnails\thumbnail_790.jpg
2026-06-24 22:14:45,229 | INFO | Deleted thumbnail: storage\thumbnails\thumbnail_800.jpg
2026-06-24 22:14:45,229 | INFO | Deleted thumbnail: storage\thumbnails\thumbnail_805.jpg
2026-06-24 22:14:45,230 | INFO | Deleted thumbnail: storage\thumbnails\thumbnail_815.jpg
2026-06-24 22:14:45,230 | INFO | Deleted thumbnail: storage\thumbnails\thumbnail_820.jpg
2026-06-24 22:14:45,231 | INFO | Deleted thumbnail: storage\thumbnails\thumbnail_825.jpg
2026-06-24 22:14:45,232 | INFO | Deleted thumbnail: storage\thumbnails\thumbnail_840.jpg
2026-06-24 22:14:45,232 | INFO | Deleted thumbnail: storage\thumbnails\thumbnail_90.jpg
2026-06-24 22:14:45,232 | INFO | Job Completed: cd0079c0-09e0-4e1e-beba-82589f550974
2026-06-24 23:07:12,770 | INFO | AGC Logger Initialized
2026-06-24 23:07:12,774 | INFO | AGC Startup Validation Passed
2026-06-25 18:17:50,578 | INFO | AGC Logger Initialized
2026-06-25 18:17:50,579 | INFO | AGC Startup Validation Passed
